{
  "stats": {
    "suites": 2,
    "tests": 1,
    "passes": 1,
    "pending": 0,
    "failures": 0,
    "start": "2023-05-09T08:43:54.993Z",
    "end": "2023-05-09T08:44:10.861Z",
    "duration": 15868,
    "testsRegistered": 1,
    "passPercent": 100,
    "pendingPercent": 0,
    "other": 0,
    "hasOther": false,
    "skipped": 0,
    "hasSkipped": false
  },
  "results": [
    {
      "uuid": "f20b5ee7-ce96-4328-8a3b-92c75c8349f7",
      "title": "",
      "fullFile": "C:\\Users\\milic\\Desktop\\Github\\assignment-luma-demo-store\\test\\searchForProduct.js",
      "file": "\\test\\searchForProduct.js",
      "beforeHooks": [],
      "afterHooks": [],
      "tests": [],
      "suites": [
        {
          "uuid": "63eea515-4145-493a-bbfc-2ad42b59e360",
          "title": "Search for at product",
          "fullFile": "C:\\Users\\milic\\Desktop\\Github\\assignment-luma-demo-store\\test\\searchForProduct.js",
          "file": "\\test\\searchForProduct.js",
          "beforeHooks": [],
          "afterHooks": [],
          "tests": [],
          "suites": [
            {
              "uuid": "91b84afb-63cc-461a-bb63-bff39c01374e",
              "title": "I search for a product",
              "fullFile": "C:\\Users\\milic\\Desktop\\Github\\assignment-luma-demo-store\\test\\searchForProduct.js",
              "file": "\\test\\searchForProduct.js",
              "beforeHooks": [],
              "afterHooks": [],
              "tests": [
                {
                  "title": "I should see the product that I have searched for",
                  "fullTitle": "Search for at product I search for a product I should see the product that I have searched for",
                  "timedOut": null,
                  "duration": 15148,
                  "state": "passed",
                  "speed": "slow",
                  "pass": true,
                  "fail": false,
                  "pending": false,
                  "context": null,
                  "code": "// Start web browser \nconst driver = await new Builder().forBrowser('firefox').build();\n// Search for a product\ntry{\n    // Move to magento site\n    await driver.get('https://magento.softwaretestingboard.com/');\n    //Get the search input\n    await driver.wait(until.elementLocated(By.css('#search')), 10000);\n    await driver.findElement(By.id('search')).sendKeys('shirt', Key.RETURN);\n    // Find the first prduct\n    await driver.wait(until.elementLocated(By.css('.prduct-item:first-child')), 10000);\n    const product = await driver.findElement(By.css('.product-item:first-child'));\n    // Find information in the product we selected\n    let productTitle = await product.findElement(By.css('.product-item-link'));\n    let productPrice = await product.findElement(By.css('.price'));\n    // Extract text\n    let productTitleText = await productTitle.getText();\n    let productTitlePrice = await productPrice.getText();\n} catch(error) {\n    console.log(error);\n} finally {\n    //await driver.quit();\n}",
                  "err": {},
                  "uuid": "a02e57c4-8a91-4bff-b3d0-f91b2722d096",
                  "parentUUID": null,
                  "isHook": false,
                  "skipped": false
                }
              ],
              "suites": [],
              "passes": [
                "a02e57c4-8a91-4bff-b3d0-f91b2722d096"
              ],
              "failures": [],
              "pending": [],
              "skipped": [],
              "duration": 15148,
              "root": false,
              "rootEmpty": false,
              "_timeout": null
            }
          ],
          "passes": [],
          "failures": [],
          "pending": [],
          "skipped": [],
          "duration": 0,
          "root": false,
          "rootEmpty": false,
          "_timeout": null
        }
      ],
      "passes": [],
      "failures": [],
      "pending": [],
      "skipped": [],
      "duration": 0,
      "root": true,
      "rootEmpty": true,
      "_timeout": 0
    }
  ],
  "meta": {
    "mocha": {
      "version": "10.2.0"
    },
    "mochawesome": {
      "options": {
        "quiet": false,
        "reportFilename": "mochawesome",
        "saveHtml": true,
        "saveJson": true,
        "consoleReporter": "spec",
        "useInlineDiffs": false,
        "code": true
      },
      "version": "7.1.3"
    },
    "marge": {
      "options": null,
      "version": "6.2.0"
    }
  }
}